Wallet: 2UfTay1QYTmE8jZqpE8s7R2wXYkHNfuPTHC3XWrb8siH
Balance: 0.999345 SOL

--- Run 1/50 ---

--- Run 2/50 ---

--- Run 3/50 ---

--- Run 4/50 ---

--- Run 5/50 ---

--- Run 6/50 ---

--- Run 7/50 ---

--- Run 8/50 ---

--- Run 9/50 ---

--- Run 10/50 ---

--- Run 11/50 ---

--- Run 12/50 ---

--- Run 13/50 ---

--- Run 14/50 ---

--- Run 15/50 ---

--- Run 16/50 ---

--- Run 17/50 ---

--- Run 18/50 ---

--- Run 19/50 ---

--- Run 20/50 ---

--- Run 21/50 ---

--- Run 22/50 ---

--- Run 23/50 ---

--- Run 24/50 ---

--- Run 25/50 ---

--- Run 26/50 ---

--- Run 27/50 ---

--- Run 28/50 ---

--- Run 29/50 ---

--- Run 30/50 ---

--- Run 31/50 ---

--- Run 32/50 ---

--- Run 33/50 ---

--- Run 34/50 ---

--- Run 35/50 ---

--- Run 36/50 ---

--- Run 37/50 ---

--- Run 38/50 ---

--- Run 39/50 ---

--- Run 40/50 ---

--- Run 41/50 ---

--- Run 42/50 ---

--- Run 43/50 ---

--- Run 44/50 ---

--- Run 45/50 ---

--- Run 46/50 ---

--- Run 47/50 ---

--- Run 48/50 ---

--- Run 49/50 ---

--- Run 50/50 ---

--- Batch Summary ---
{
  total_runs: 50,
  successful_runs: 50,
  success_rate: 100,
  avg_confirm_ms: 4238,
  avg_fee_sol: 5000,
  total_runtime_sec: 354.16,
  cooldown_delay_sec: 25,
  effective_processing_sec: 329.16
}